2017-06-16 19:44:44 DEBUG Log_test:23 - This is debug : mkyong
2017-06-16 19:44:44 INFO  Log_test:27 - This is info : mkyong
2017-06-16 19:44:44 WARN  Log_test:30 - This is warn : mkyong
2017-06-16 19:44:44 ERROR Log_test:31 - This is error : mkyong
2017-06-16 19:44:44 FATAL Log_test:32 - This is fatal : mkyong
2017-06-16 19:49:56 INFO  Log_test:27 - This is info : mkyong
2017-06-16 19:49:56 WARN  Log_test:30 - This is warn : mkyong
2017-06-16 19:49:56 ERROR Log_test:31 - This is error : mkyong
2017-06-16 19:49:56 FATAL Log_test:32 - This is fatal : mkyong
2017-06-16 19:51:10 DEBUG Log_test:23 - This is debug : mkyong
2017-06-16 19:51:10 INFO  Log_test:27 - This is info : mkyong
2017-06-16 19:51:10 WARN  Log_test:30 - This is warn : mkyong
2017-06-16 19:51:10 ERROR Log_test:31 - This is error : mkyong
2017-06-16 19:51:10 FATAL Log_test:32 - This is fatal : mkyong
2017-06-16 19:51:35 DEBUG Log_test:23 - This is debug : mkyong
2017-06-16 19:51:35 INFO  Log_test:27 - This is info : mkyong
2017-06-16 19:51:35 WARN  Log_test:30 - This is warn : mkyong
2017-06-16 19:51:35 ERROR Log_test:31 - This is error : mkyong
2017-06-16 19:51:35 FATAL Log_test:32 - This is fatal : mkyong
2017-06-16 19:52:18 DEBUG Log_test:22 - This is debug : mkyong
2017-06-16 19:52:18 INFO  Log_test:26 - This is info : mkyong
2017-06-16 19:52:18 WARN  Log_test:29 - This is warn : mkyong
2017-06-16 19:52:18 ERROR Log_test:30 - This is error : mkyong
2017-06-16 19:52:18 FATAL Log_test:31 - This is fatal : mkyong
2017-06-16 19:53:00 INFO  Log_test:26 - This is info : mkyong
2017-06-16 19:53:00 WARN  Log_test:29 - This is warn : mkyong
2017-06-16 19:53:00 ERROR Log_test:30 - This is error : mkyong
2017-06-16 19:53:00 FATAL Log_test:31 - This is fatal : mkyong
2017-06-16 19:53:31 ERROR Log_test:30 - This is error : mkyong
2017-06-16 19:53:31 FATAL Log_test:31 - This is fatal : mkyong
